Starting Direct Fund Scraper...
Navigating to: https://www.kap.org.tr/tr/fon-bilgileri/genel/mac-marmara-capital-portfoy-hisse-senedi-tl-fonu-hisse-senedi-yogun-fon
Page loaded (DOM Content Loaded).
Initial screenshot saved.
Searching for 'Bildirimler' tab...
Clicked 'Bildirimler'. Waiting for data...
Notifications screenshot saved.
Found 0 potential report rows.
Body text snippet: EN
Tüm Kategoriler
MARMARA CAPİTAL PORTFÖY HİSSE SENEDİ (TL) FONU (HİSSE SENEDİ YOĞUN FON)
MAC
Özet Bilgiler
Genel Bilgiler
Bildirimler
Finansal Bilgiler
Tüm İçeriği Görüntüle
FONA İLİŞKİN BİLGİLER
Fo
Browser closed.
